2026-07-15 08:39:03 | INFO | ========== BẮT ĐẦU DOWNLOAD DATA ==========
2026-07-15 08:39:03 | INFO | File log tiền xử lý: E:\Codebase_ID-GRec\ID-GRec-verify-TaxPro-CL\preprocessing_logs\download_data.log
2026-07-15 08:39:03 | INFO | Thư mục dự án: E:\Codebase_ID-GRec\ID-GRec-verify-TaxPro-CL
2026-07-15 08:39:03 | INFO | Chế độ --force: tắt
2026-07-15 08:39:03 | INFO | Bắt đầu tải dataset LightGCN
2026-07-15 08:39:03 | INFO | Tải (1/3): https://raw.githubusercontent.com/gusye1234/LightGCN-PyTorch/master/data/amazon-book/README.md
2026-07-15 08:39:04 | INFO | Tải hoàn tất E:\Codebase_ID-GRec\ID-GRec-verify-TaxPro-CL\dataset\amazon-book\README.md: 0.0/0.0 MiB (100.0%)
2026-07-15 08:39:04 | INFO | Tải (1/3): https://raw.githubusercontent.com/gusye1234/LightGCN-PyTorch/master/data/amazon-book/train.txt
2026-07-15 08:39:05 | INFO | Tải hoàn tất E:\Codebase_ID-GRec\ID-GRec-verify-TaxPro-CL\dataset\amazon-book\train.txt: 13.5/13.5 MiB (100.0%)
2026-07-15 08:39:05 | INFO | Tải (1/3): https://raw.githubusercontent.com/gusye1234/LightGCN-PyTorch/master/data/amazon-book/test.txt
2026-07-15 08:39:06 | INFO | Tải hoàn tất E:\Codebase_ID-GRec\ID-GRec-verify-TaxPro-CL\dataset\amazon-book\test.txt: 3.7/3.7 MiB (100.0%)
2026-07-15 08:39:06 | INFO | Tải (1/3): https://raw.githubusercontent.com/gusye1234/LightGCN-PyTorch/master/data/amazon-book/item_list.txt
2026-07-15 08:39:07 | INFO | Tải hoàn tất E:\Codebase_ID-GRec\ID-GRec-verify-TaxPro-CL\dataset\amazon-book\item_list.txt: 1.5/1.5 MiB (100.0%)
2026-07-15 08:39:07 | INFO | Tải (1/3): https://raw.githubusercontent.com/gusye1234/LightGCN-PyTorch/master/data/amazon-book/user_list.txt
2026-07-15 08:39:08 | INFO | Tải hoàn tất E:\Codebase_ID-GRec\ID-GRec-verify-TaxPro-CL\dataset\amazon-book\user_list.txt: 1.0/1.0 MiB (100.0%)
2026-07-15 08:39:08 | INFO | Tải (1/3): https://raw.githubusercontent.com/gusye1234/LightGCN-PyTorch/master/data/yelp2018/train.txt
2026-07-15 08:39:09 | INFO | Tải hoàn tất E:\Codebase_ID-GRec\ID-GRec-verify-TaxPro-CL\dataset\yelp2018\train.txt: 6.6/6.6 MiB (100.0%)
2026-07-15 08:39:09 | INFO | Tải (1/3): https://raw.githubusercontent.com/gusye1234/LightGCN-PyTorch/master/data/yelp2018/test.txt
2026-07-15 08:39:09 | INFO | Tải hoàn tất E:\Codebase_ID-GRec\ID-GRec-verify-TaxPro-CL\dataset\yelp2018\test.txt: 1.9/1.9 MiB (100.0%)
2026-07-15 08:39:09 | INFO | Tải (1/3): https://raw.githubusercontent.com/gusye1234/LightGCN-PyTorch/master/data/yelp2018/item_list.txt
2026-07-15 08:39:10 | INFO | Tải hoàn tất E:\Codebase_ID-GRec\ID-GRec-verify-TaxPro-CL\dataset\yelp2018\item_list.txt: 1.0/1.0 MiB (100.0%)
2026-07-15 08:39:10 | INFO | Tải (1/3): https://raw.githubusercontent.com/gusye1234/LightGCN-PyTorch/master/data/yelp2018/user_list.txt
2026-07-15 08:39:11 | INFO | Tải hoàn tất E:\Codebase_ID-GRec\ID-GRec-verify-TaxPro-CL\dataset\yelp2018\user_list.txt: 0.9/0.9 MiB (100.0%)
2026-07-15 08:39:11 | INFO | Đã tạo README cho Yelp2018: E:\Codebase_ID-GRec\ID-GRec-verify-TaxPro-CL\dataset\yelp2018\README.md
2026-07-15 08:39:11 | INFO | Dataset LightGCN đã đầy đủ
2026-07-15 08:39:11 | INFO | Bắt đầu tải metadata Amazon
2026-07-15 08:39:11 | INFO | Tải (1/3): https://mcauleylab.ucsd.edu/public_datasets/data/amazon/categoryFiles/meta_Books.json.gz
2026-07-15 08:42:23 | INFO | Tiến độ E:\Codebase_ID-GRec\ID-GRec-verify-TaxPro-CL\metadata\amazon\2014\meta_Books.json.gz: 128.0/779.6 MiB (16.4%)
2026-07-15 08:44:01 | INFO | Tiến độ E:\Codebase_ID-GRec\ID-GRec-verify-TaxPro-CL\metadata\amazon\2014\meta_Books.json.gz: 256.0/779.6 MiB (32.8%)
2026-07-15 08:46:17 | INFO | Tiến độ E:\Codebase_ID-GRec\ID-GRec-verify-TaxPro-CL\metadata\amazon\2014\meta_Books.json.gz: 384.0/779.6 MiB (49.3%)
2026-07-15 08:48:59 | INFO | Tiến độ E:\Codebase_ID-GRec\ID-GRec-verify-TaxPro-CL\metadata\amazon\2014\meta_Books.json.gz: 512.0/779.6 MiB (65.7%)
2026-07-15 08:52:07 | INFO | Tiến độ E:\Codebase_ID-GRec\ID-GRec-verify-TaxPro-CL\metadata\amazon\2014\meta_Books.json.gz: 640.0/779.6 MiB (82.1%)
2026-07-15 08:55:05 | INFO | Tiến độ E:\Codebase_ID-GRec\ID-GRec-verify-TaxPro-CL\metadata\amazon\2014\meta_Books.json.gz: 768.0/779.6 MiB (98.5%)
2026-07-15 08:55:16 | INFO | Tải hoàn tất E:\Codebase_ID-GRec\ID-GRec-verify-TaxPro-CL\metadata\amazon\2014\meta_Books.json.gz: 779.6/779.6 MiB (100.0%)
2026-07-15 08:55:16 | INFO | Giải nén gzip: E:\Codebase_ID-GRec\ID-GRec-verify-TaxPro-CL\metadata\amazon\2014\meta_Books.json.gz -> E:\Codebase_ID-GRec\ID-GRec-verify-TaxPro-CL\metadata\amazon\2014\meta_Books.json
2026-07-15 08:55:48 | INFO | Giải nén hoàn tất: E:\Codebase_ID-GRec\ID-GRec-verify-TaxPro-CL\metadata\amazon\2014\meta_Books.json
2026-07-15 08:55:48 | INFO | Tải (1/3): https://mcauleylab.ucsd.edu/public_datasets/data/amazon_v2/metaFiles2/meta_Books.json.gz
2026-07-15 08:58:40 | INFO | Tiến độ E:\Codebase_ID-GRec\ID-GRec-verify-TaxPro-CL\metadata\amazon\2018\meta_Books.json.gz: 128.0/1162.5 MiB (11.0%)
2026-07-15 09:01:41 | INFO | Tiến độ E:\Codebase_ID-GRec\ID-GRec-verify-TaxPro-CL\metadata\amazon\2018\meta_Books.json.gz: 256.0/1162.5 MiB (22.0%)
2026-07-15 09:04:46 | INFO | Tiến độ E:\Codebase_ID-GRec\ID-GRec-verify-TaxPro-CL\metadata\amazon\2018\meta_Books.json.gz: 384.0/1162.5 MiB (33.0%)
2026-07-15 09:07:44 | INFO | Tiến độ E:\Codebase_ID-GRec\ID-GRec-verify-TaxPro-CL\metadata\amazon\2018\meta_Books.json.gz: 512.0/1162.5 MiB (44.0%)
2026-07-15 09:10:27 | INFO | Tiến độ E:\Codebase_ID-GRec\ID-GRec-verify-TaxPro-CL\metadata\amazon\2018\meta_Books.json.gz: 640.0/1162.5 MiB (55.1%)
2026-07-15 09:12:26 | INFO | Tiến độ E:\Codebase_ID-GRec\ID-GRec-verify-TaxPro-CL\metadata\amazon\2018\meta_Books.json.gz: 768.0/1162.5 MiB (66.1%)
2026-07-15 09:15:05 | INFO | Tiến độ E:\Codebase_ID-GRec\ID-GRec-verify-TaxPro-CL\metadata\amazon\2018\meta_Books.json.gz: 896.0/1162.5 MiB (77.1%)
2026-07-15 09:17:06 | INFO | Tiến độ E:\Codebase_ID-GRec\ID-GRec-verify-TaxPro-CL\metadata\amazon\2018\meta_Books.json.gz: 1024.0/1162.5 MiB (88.1%)
2026-07-15 09:19:47 | INFO | Tiến độ E:\Codebase_ID-GRec\ID-GRec-verify-TaxPro-CL\metadata\amazon\2018\meta_Books.json.gz: 1152.0/1162.5 MiB (99.1%)
2026-07-15 09:19:56 | INFO | Tải hoàn tất E:\Codebase_ID-GRec\ID-GRec-verify-TaxPro-CL\metadata\amazon\2018\meta_Books.json.gz: 1162.5/1162.5 MiB (100.0%)
2026-07-15 09:19:56 | INFO | Giải nén gzip: E:\Codebase_ID-GRec\ID-GRec-verify-TaxPro-CL\metadata\amazon\2018\meta_Books.json.gz -> E:\Codebase_ID-GRec\ID-GRec-verify-TaxPro-CL\metadata\amazon\2018\meta_Books.json
2026-07-15 09:20:41 | INFO | Giải nén hoàn tất: E:\Codebase_ID-GRec\ID-GRec-verify-TaxPro-CL\metadata\amazon\2018\meta_Books.json
2026-07-15 09:20:41 | INFO | Tải (1/3): https://mcauleylab.ucsd.edu/public_datasets/data/amazon_2023/raw/meta_categories/meta_Books.jsonl.gz
2026-07-15 09:22:21 | INFO | Tiến độ E:\Codebase_ID-GRec\ID-GRec-verify-TaxPro-CL\metadata\amazon\2023\meta_Books.jsonl.gz: 128.0/4713.2 MiB (2.7%)
2026-07-15 09:24:24 | INFO | Tiến độ E:\Codebase_ID-GRec\ID-GRec-verify-TaxPro-CL\metadata\amazon\2023\meta_Books.jsonl.gz: 256.0/4713.2 MiB (5.4%)
2026-07-15 09:26:55 | INFO | Tiến độ E:\Codebase_ID-GRec\ID-GRec-verify-TaxPro-CL\metadata\amazon\2023\meta_Books.jsonl.gz: 384.0/4713.2 MiB (8.1%)
2026-07-15 09:29:42 | INFO | Tiến độ E:\Codebase_ID-GRec\ID-GRec-verify-TaxPro-CL\metadata\amazon\2023\meta_Books.jsonl.gz: 512.0/4713.2 MiB (10.9%)
2026-07-15 09:32:23 | INFO | Tiến độ E:\Codebase_ID-GRec\ID-GRec-verify-TaxPro-CL\metadata\amazon\2023\meta_Books.jsonl.gz: 640.0/4713.2 MiB (13.6%)
2026-07-15 09:34:32 | INFO | Tiến độ E:\Codebase_ID-GRec\ID-GRec-verify-TaxPro-CL\metadata\amazon\2023\meta_Books.jsonl.gz: 768.0/4713.2 MiB (16.3%)
2026-07-15 09:36:50 | INFO | Tiến độ E:\Codebase_ID-GRec\ID-GRec-verify-TaxPro-CL\metadata\amazon\2023\meta_Books.jsonl.gz: 896.0/4713.2 MiB (19.0%)
2026-07-15 09:40:00 | INFO | Tiến độ E:\Codebase_ID-GRec\ID-GRec-verify-TaxPro-CL\metadata\amazon\2023\meta_Books.jsonl.gz: 1024.0/4713.2 MiB (21.7%)
2026-07-15 09:42:56 | INFO | Tiến độ E:\Codebase_ID-GRec\ID-GRec-verify-TaxPro-CL\metadata\amazon\2023\meta_Books.jsonl.gz: 1152.0/4713.2 MiB (24.4%)
2026-07-15 09:46:20 | INFO | Tiến độ E:\Codebase_ID-GRec\ID-GRec-verify-TaxPro-CL\metadata\amazon\2023\meta_Books.jsonl.gz: 1280.0/4713.2 MiB (27.2%)
2026-07-15 09:49:38 | INFO | Tiến độ E:\Codebase_ID-GRec\ID-GRec-verify-TaxPro-CL\metadata\amazon\2023\meta_Books.jsonl.gz: 1408.0/4713.2 MiB (29.9%)
2026-07-15 09:53:22 | INFO | Tiến độ E:\Codebase_ID-GRec\ID-GRec-verify-TaxPro-CL\metadata\amazon\2023\meta_Books.jsonl.gz: 1536.0/4713.2 MiB (32.6%)
2026-07-15 09:55:54 | INFO | Tiến độ E:\Codebase_ID-GRec\ID-GRec-verify-TaxPro-CL\metadata\amazon\2023\meta_Books.jsonl.gz: 1664.0/4713.2 MiB (35.3%)
2026-07-15 09:59:08 | INFO | Tiến độ E:\Codebase_ID-GRec\ID-GRec-verify-TaxPro-CL\metadata\amazon\2023\meta_Books.jsonl.gz: 1792.0/4713.2 MiB (38.0%)
2026-07-15 10:01:36 | INFO | Tiến độ E:\Codebase_ID-GRec\ID-GRec-verify-TaxPro-CL\metadata\amazon\2023\meta_Books.jsonl.gz: 1920.0/4713.2 MiB (40.7%)
2026-07-15 10:03:24 | INFO | Tiến độ E:\Codebase_ID-GRec\ID-GRec-verify-TaxPro-CL\metadata\amazon\2023\meta_Books.jsonl.gz: 2048.0/4713.2 MiB (43.5%)
2026-07-15 10:05:41 | INFO | Tiến độ E:\Codebase_ID-GRec\ID-GRec-verify-TaxPro-CL\metadata\amazon\2023\meta_Books.jsonl.gz: 2176.0/4713.2 MiB (46.2%)
2026-07-15 10:07:54 | INFO | Tiến độ E:\Codebase_ID-GRec\ID-GRec-verify-TaxPro-CL\metadata\amazon\2023\meta_Books.jsonl.gz: 2304.0/4713.2 MiB (48.9%)
2026-07-15 10:09:53 | INFO | Tiến độ E:\Codebase_ID-GRec\ID-GRec-verify-TaxPro-CL\metadata\amazon\2023\meta_Books.jsonl.gz: 2432.0/4713.2 MiB (51.6%)
2026-07-15 10:11:27 | INFO | Tiến độ E:\Codebase_ID-GRec\ID-GRec-verify-TaxPro-CL\metadata\amazon\2023\meta_Books.jsonl.gz: 2560.0/4713.2 MiB (54.3%)
2026-07-15 10:13:05 | INFO | Tiến độ E:\Codebase_ID-GRec\ID-GRec-verify-TaxPro-CL\metadata\amazon\2023\meta_Books.jsonl.gz: 2688.0/4713.2 MiB (57.0%)
2026-07-15 10:15:39 | INFO | Tiến độ E:\Codebase_ID-GRec\ID-GRec-verify-TaxPro-CL\metadata\amazon\2023\meta_Books.jsonl.gz: 2816.0/4713.2 MiB (59.7%)
2026-07-15 10:17:57 | INFO | Tiến độ E:\Codebase_ID-GRec\ID-GRec-verify-TaxPro-CL\metadata\amazon\2023\meta_Books.jsonl.gz: 2944.0/4713.2 MiB (62.5%)
2026-07-15 10:20:29 | INFO | Tiến độ E:\Codebase_ID-GRec\ID-GRec-verify-TaxPro-CL\metadata\amazon\2023\meta_Books.jsonl.gz: 3072.0/4713.2 MiB (65.2%)
2026-07-15 10:22:36 | INFO | Tiến độ E:\Codebase_ID-GRec\ID-GRec-verify-TaxPro-CL\metadata\amazon\2023\meta_Books.jsonl.gz: 3200.0/4713.2 MiB (67.9%)
2026-07-15 10:24:33 | INFO | Tiến độ E:\Codebase_ID-GRec\ID-GRec-verify-TaxPro-CL\metadata\amazon\2023\meta_Books.jsonl.gz: 3328.0/4713.2 MiB (70.6%)
2026-07-15 10:26:58 | INFO | Tiến độ E:\Codebase_ID-GRec\ID-GRec-verify-TaxPro-CL\metadata\amazon\2023\meta_Books.jsonl.gz: 3456.0/4713.2 MiB (73.3%)
2026-07-15 10:29:26 | INFO | Tiến độ E:\Codebase_ID-GRec\ID-GRec-verify-TaxPro-CL\metadata\amazon\2023\meta_Books.jsonl.gz: 3584.0/4713.2 MiB (76.0%)
2026-07-15 10:32:00 | INFO | Tiến độ E:\Codebase_ID-GRec\ID-GRec-verify-TaxPro-CL\metadata\amazon\2023\meta_Books.jsonl.gz: 3712.0/4713.2 MiB (78.8%)
2026-07-15 10:35:00 | INFO | Tiến độ E:\Codebase_ID-GRec\ID-GRec-verify-TaxPro-CL\metadata\amazon\2023\meta_Books.jsonl.gz: 3840.0/4713.2 MiB (81.5%)
2026-07-15 10:37:11 | INFO | Tiến độ E:\Codebase_ID-GRec\ID-GRec-verify-TaxPro-CL\metadata\amazon\2023\meta_Books.jsonl.gz: 3968.0/4713.2 MiB (84.2%)
2026-07-15 10:40:12 | INFO | Tiến độ E:\Codebase_ID-GRec\ID-GRec-verify-TaxPro-CL\metadata\amazon\2023\meta_Books.jsonl.gz: 4096.0/4713.2 MiB (86.9%)
2026-07-15 10:43:02 | INFO | Tiến độ E:\Codebase_ID-GRec\ID-GRec-verify-TaxPro-CL\metadata\amazon\2023\meta_Books.jsonl.gz: 4224.0/4713.2 MiB (89.6%)
2026-07-15 10:46:08 | INFO | Tiến độ E:\Codebase_ID-GRec\ID-GRec-verify-TaxPro-CL\metadata\amazon\2023\meta_Books.jsonl.gz: 4352.0/4713.2 MiB (92.3%)
2026-07-15 10:48:51 | INFO | Tiến độ E:\Codebase_ID-GRec\ID-GRec-verify-TaxPro-CL\metadata\amazon\2023\meta_Books.jsonl.gz: 4480.0/4713.2 MiB (95.1%)
2026-07-15 10:52:10 | INFO | Tiến độ E:\Codebase_ID-GRec\ID-GRec-verify-TaxPro-CL\metadata\amazon\2023\meta_Books.jsonl.gz: 4608.0/4713.2 MiB (97.8%)
2026-07-15 10:54:23 | INFO | Tải hoàn tất E:\Codebase_ID-GRec\ID-GRec-verify-TaxPro-CL\metadata\amazon\2023\meta_Books.jsonl.gz: 4713.2/4713.2 MiB (100.0%)
2026-07-15 10:54:23 | INFO | Giải nén gzip: E:\Codebase_ID-GRec\ID-GRec-verify-TaxPro-CL\metadata\amazon\2023\meta_Books.jsonl.gz -> E:\Codebase_ID-GRec\ID-GRec-verify-TaxPro-CL\metadata\amazon\2023\meta_Books.jsonl
2026-07-15 10:58:32 | INFO | Giải nén hoàn tất: E:\Codebase_ID-GRec\ID-GRec-verify-TaxPro-CL\metadata\amazon\2023\meta_Books.jsonl
2026-07-15 10:58:32 | INFO | Bắt đầu tải metadata Yelp
2026-07-15 10:58:32 | INFO | Tải (1/3): https://zenodo.org/records/10998102/files/Yelp2018.zip?download=1
2026-07-15 11:00:29 | INFO | Tiến độ E:\Codebase_ID-GRec\ID-GRec-verify-TaxPro-CL\metadata\yelp\Yelp2018.zip: 128.0/289.3 MiB (44.2%)
2026-07-15 11:01:47 | INFO | Tiến độ E:\Codebase_ID-GRec\ID-GRec-verify-TaxPro-CL\metadata\yelp\Yelp2018.zip: 256.0/289.3 MiB (88.5%)
2026-07-15 11:02:07 | INFO | Tải hoàn tất E:\Codebase_ID-GRec\ID-GRec-verify-TaxPro-CL\metadata\yelp\Yelp2018.zip: 289.3/289.3 MiB (100.0%)
2026-07-15 11:02:07 | INFO | Giải nén ZIP: E:\Codebase_ID-GRec\ID-GRec-verify-TaxPro-CL\metadata\yelp\Yelp2018.zip -> E:\Codebase_ID-GRec\ID-GRec-verify-TaxPro-CL\metadata\yelp\2018
2026-07-15 11:02:14 | INFO | Giải nén hoàn tất: E:\Codebase_ID-GRec\ID-GRec-verify-TaxPro-CL\metadata\yelp\2018
2026-07-15 11:02:14 | INFO | Tải (1/3): https://zenodo.org/records/10998102/files/Yelp2021.zip?download=1
2026-07-15 11:04:47 | INFO | Tiến độ E:\Codebase_ID-GRec\ID-GRec-verify-TaxPro-CL\metadata\yelp\Yelp2021.zip: 128.0/584.4 MiB (21.9%)
2026-07-15 11:05:54 | INFO | Tiến độ E:\Codebase_ID-GRec\ID-GRec-verify-TaxPro-CL\metadata\yelp\Yelp2021.zip: 256.0/584.4 MiB (43.8%)
2026-07-15 11:07:07 | INFO | Tiến độ E:\Codebase_ID-GRec\ID-GRec-verify-TaxPro-CL\metadata\yelp\Yelp2021.zip: 384.0/584.4 MiB (65.7%)
2026-07-15 11:08:17 | INFO | Tiến độ E:\Codebase_ID-GRec\ID-GRec-verify-TaxPro-CL\metadata\yelp\Yelp2021.zip: 512.0/584.4 MiB (87.6%)
2026-07-15 11:08:55 | INFO | Tải hoàn tất E:\Codebase_ID-GRec\ID-GRec-verify-TaxPro-CL\metadata\yelp\Yelp2021.zip: 584.4/584.4 MiB (100.0%)
2026-07-15 11:08:55 | INFO | Giải nén ZIP: E:\Codebase_ID-GRec\ID-GRec-verify-TaxPro-CL\metadata\yelp\Yelp2021.zip -> E:\Codebase_ID-GRec\ID-GRec-verify-TaxPro-CL\metadata\yelp\2021
2026-07-15 11:09:07 | INFO | Giải nén hoàn tất: E:\Codebase_ID-GRec\ID-GRec-verify-TaxPro-CL\metadata\yelp\2021
2026-07-15 11:09:07 | INFO | Tải (1/3): https://zenodo.org/records/10998102/files/Yelp2022.zip?download=1
2026-07-15 11:11:54 | INFO | Tiến độ E:\Codebase_ID-GRec\ID-GRec-verify-TaxPro-CL\metadata\yelp\Yelp2022.zip: 128.0/480.5 MiB (26.6%)
2026-07-15 11:13:04 | INFO | Tiến độ E:\Codebase_ID-GRec\ID-GRec-verify-TaxPro-CL\metadata\yelp\Yelp2022.zip: 256.0/480.5 MiB (53.3%)
2026-07-15 11:14:16 | INFO | Tiến độ E:\Codebase_ID-GRec\ID-GRec-verify-TaxPro-CL\metadata\yelp\Yelp2022.zip: 384.0/480.5 MiB (79.9%)
2026-07-15 11:15:07 | INFO | Tải hoàn tất E:\Codebase_ID-GRec\ID-GRec-verify-TaxPro-CL\metadata\yelp\Yelp2022.zip: 480.5/480.5 MiB (100.0%)
2026-07-15 11:15:07 | INFO | Giải nén ZIP: E:\Codebase_ID-GRec\ID-GRec-verify-TaxPro-CL\metadata\yelp\Yelp2022.zip -> E:\Codebase_ID-GRec\ID-GRec-verify-TaxPro-CL\metadata\yelp\2022
2026-07-15 11:15:17 | INFO | Giải nén hoàn tất: E:\Codebase_ID-GRec\ID-GRec-verify-TaxPro-CL\metadata\yelp\2022
2026-07-15 11:15:17 | INFO | Metadata Amazon và Yelp đã tải, giải nén đầy đủ
2026-07-15 11:15:17 | INFO | Hoàn tất toàn bộ bước chuẩn bị dữ liệu
2026-07-15 11:15:17 | INFO | ========== KẾT THÚC DOWNLOAD DATA ==========
